1632598748.0972,0x4c1281df0d
1632598748.52496,0x4c1282e00d
1632598748.95836,0x4c1282e00d
1632598748.97838,0x530000530d
1632598749.02681,0x66129c140d
1632598749.40197,0x4c1281df0d
1632598749.82861,0x4c1281df0d
1632598750.26248,0x4c1282e00d
1632598750.28162,0x530000530d
 1632598750.331,0x66129c140d
1632598750.70597,0x4c1281df0d
1632598751.13259,0x4c1281df0d
1632598751.56637,0x4c1281df0d
1632598751.58679,0x530000530d
1632598751.63497,0x66129c140d
1632598752.00924,0x4c1281df0d
1632598752.43645,0x4c1281df0d
1632598752.87049,0x4c1281df0d
1632598752.89044,0x530000530d
1632598752.93924,0x66129c140d
1632598753.31402,0x4c1281df0d
1632598753.74117,0x4c1281df0d
1632598754.17456,0x4c1282e00d
1632598754.19454,0x530000530d
1632598754.24307,0x66129c140d
1632598754.61795,0x4c1282e00d
1632598755.04502,0x4c1282e00d
1632598755.47889,0x4c1282e00d
1632598755.49901,0x530000530d
1632598755.54791,0x66129c140d
1632598755.92262,0x4c1280de0d
1632598756.3497,0x4c1280de0d
1632598756.78346,0x4c1281df0d
1632598756.8034,0x530000530d
1632598756.85304,0x66129c140d
1632598757.22699,0x4c1282e00d
1632598757.65389,0x4c1283e10d
1632598758.08843,0x4c1281df0d
1632598758.10852,0x530000530d
1632598758.15804,0x66129c140d
1632598758.53262,0x4c1280de0d
1632598758.96012,0x4c1282e00d
1632598759.39351,0x4c1283e10d
1632598759.41351,0x530000530d
1632598759.46291,0x66129c140d
1632598759.83737,0x4c1283e10d
1632598760.26444,0x4c128cea0d
1632598760.69791,0x4c1291ef0d
1632598760.71754,0x530000530d
1632598760.76711,0x66129c140d
1632598761.14106,0x4c129dfb0d
1632598761.56911,0x4c12a9070d
1632598762.00286,0x4c12b7150d
1632598762.02364,0x530000530d
1632598762.07216,0x66129c140d
1632598762.44746,0x4c12c01e0d
1632598762.87504,0x4c12dd3b0d
1632598763.30884,0x4c12e5430d
1632598763.32834,0x530000530d
1632598763.37777,0x66129c140d
1632598763.75299,0x4c12f7550d
1632598764.18059,0x4c1309680d
1632598764.61433,0x4c132a890d
1632598764.6344,0x530000530d
1632598764.68335,0x66129c140d
1632598765.06088,0x4c1342a10d
1632598765.49113,0x4c135ebd0d
1632598765.92793,0x4c1378d70d
1632598765.94757,0x530000530d
1632598765.99649,0x66129c140d
1632598766.37404,0x4c1392f10d
1632598766.80422,0x4c13b00f0d
1632598767.24051,0x4c13d8370d
1632598767.26137,0x530000530d
1632598767.30967,0x66129c140d
1632598767.68789,0x4c13f7560d
1632598768.11784,0x4c1408680d
1632598768.55383,0x4c1436960d
1632598768.57427,0x530000530d
1632598768.62326,0x66129c140d
1632598768.9982,0x4c1452b20d
1632598769.42649,0x4c1468c80d
1632598769.85997,0x4c147ddd0d
1632598769.87955,0x530000530d
1632598769.92835,0x66129d150d
1632598770.30349,0x4c1496f60d
1632598770.73162,0x4c149fff0d
1632598771.16567,0x4c14be1e0d
1632598771.18557,0x530000530d
1632598771.23443,0x66129d150d
1632598771.61004,0x4c14cd2d0d
1632598772.03713,0x4c14e2420d
1632598772.47242,0x4c14f8580d
1632598772.49225,0x530000530d
1632598772.54116,0x66129d150d
1632598772.91626,0x4c150d6e0d
1632598773.34374,0x4c1523840d
1632598773.7794,0x4c153c9d0d
1632598773.79968,0x530000530d
1632598773.84875,0x66129d150d
1632598774.22561,0x4c1550b10d
1632598774.65494,0x4c1558b90d
1632598775.09151,0x4c156fd00d
1632598775.11173,0x530000530d
1632598775.16048,0x66129d150d
1632598775.53707,0x4c157bdc0d
1632598775.96708,0x4c1586e70d
1632598776.40293,0x4c1587e80d
1632598776.42306,0x530000530d
1632598776.47191,0x66129d150d
1632598776.84882,0x4c158aeb0d
1632598777.27797,0x4c1591f20d
1632598777.71312,0x4c1599fa0d
1632598777.73347,0x530000530d
1632598777.78208,0x66129e160d
1632598778.16035,0x4c15aa0b0d
1632598778.58801,0x4c15bb1c0d
1632598779.02312,0x4c15cf300d
1632598779.04307,0x530000530d
1632598779.09175,0x66129e160d
1632598779.4686,0x4c15dc3d0d
1632598779.89764,0x4c15e94a0d
1632598780.33366,0x4c15f4550d
1632598780.35317,0x530000530d
1632598780.40216,0x66129e160d
1632598780.77944,0x4c15fd5e0d
1632598781.20648,0x4c15fd5e0d
1632598781.64161,0x4c1606680d
1632598781.66155,0x530000530d
1632598781.71049,0x66129e160d
1632598782.08654,0x4c1617790d
1632598782.51462,0x4c162a8c0d
1632598782.95041,0x4c162f910d
1632598782.9705,0x530000530d
1632598783.0187,0x66129e160d
1632598783.39543,0x4c1636980d
1632598783.82289,0x4c1632940d
1632598784.25826,0x4c1648aa0d
1632598784.27821,0x530000530d
1632598784.3265,0x66129e160d
1632598784.70233,0x4c1653b50d
1632598785.13063,0x4c1649ab0d
1632598785.56572,0x4c1641a30d
1632598785.58533,0x530000530d
1632598785.63454,0x66129e160d
1632598786.01047,0x4c1649ab0d
1632598786.43784,0x4c1645a70d
1632598786.87288,0x4c163ea00d
1632598786.89237,0x530000530d
1632598786.94152,0x66129f170d
1632598787.31798,0x4c1649ab0d
1632598787.74632,0x4c1655b70d
1632598788.18066,0x4c1664c60d
1632598788.20084,0x530000530d
1632598788.24993,0x66129f170d
1632598788.62533,0x4c167cde0d
1632598789.05333,0x4c1684e60d
1632598789.48813,0x4c168aec0d
1632598789.50772,0x530000530d
1632598789.55747,0x66129f170d
1632598789.93241,0x4c1693f50d
1632598790.35959,0x4c169bfd0d
1632598790.79435,0x4c16be200d
1632598790.8149,0x530000530d
1632598790.86344,0x66129f170d
1632598791.23915,0x4c16cb2d0d
1632598791.66848,0x4c16d1330d
1632598792.10537,0x4c16d6380d
1632598792.12478,0x530000530d
1632598792.17321,0x66129f170d
1632598792.55145,0x4c16df410d
1632598792.97938,0x4c16b81a0d
1632598793.41355,0x4c16b81a0d
1632598793.43349,0x530000530d
1632598793.48186,0x66129f170d
1632598793.85991,0x4c16c0220d
1632598794.28972,0x4c16d7390d
1632598794.72615,0x4c16e2440d
1632598794.74671,0x530000530d
1632598794.79505,0x66129f170d
1632598795.17201,0x4c16ea4c0d
1632598795.60247,0x4c16eb4d0d
1632598796.0393,0x4c16ee500d
1632598796.05925,0x530000530d
1632598796.10764,0x6612a0180d
1632598796.48472,0x4c16e5470d
1632598796.91257,0x4c16c7290d
1632598797.34848,0x4c16c82a0d
1632598797.36855,0x530000530d
1632598797.41646,0x6612a0180d
1632598797.79214,0x4c16ca2c0d
1632598798.22137,0x4c16d0320d
1632598798.65783,0x4c16d7390d
1632598798.67791,0x530000530d
1632598798.72629,0x6612a0180d
1632598799.10364,0x4c16d83a0d
1632598799.53383,0x4c16ef510d
1632598799.97075,0x4c16ef510d
1632598799.99045,0x530000530d
1632598800.03735,0x6612a1190d
1632598800.41395,0x4c16eb4d0d
1632598800.84417,0x4c16f0520d
1632598801.2811,0x4c16f1530d
 1632598801.301,0x530000530d
1632598801.34915,0x6612a1190d
1632598801.72638,0x4c1701640d
1632598802.15571,0x4c1706690d
1632598802.59228,0x4c170b6e0d
1632598802.61187,0x530000530d
1632598802.66131,0x6612a21a0d
1632598803.03784,0x4c1711740d
1632598803.46752,0x4c1712750d
1632598803.90409,0x4c1715780d
1632598803.92322,0x530000530d
1632598803.97279,0x6612a31b0d
1632598804.34911,0x4c1716790d
1632598804.77949,0x4c1722850d
1632598805.21554,0x4c17278a0d
1632598805.23615,0x530000530d
1632598805.28447,0x6612a41c0d
1632598805.66119,0x4c172e910d
1632598806.09112,0x4c1734970d
1632598806.52712,0x4c1733960d
1632598806.54674,0x530000530d
1632598806.59703,0x6612a51d0d
1632598806.97419,0x4c17379a0d
1632598807.40387,0x4c173b9e0d
1632598807.84019,0x4c173fa20d
1632598807.85974,0x530000530d
1632598807.90855,0x6612a61e0d
1632598808.28562,0x4c173fa20d
1632598808.71511,0x4c1743a60d
1632598809.15175,0x4c1744a70d
1632598809.1724,0x530000530d
1632598809.22026,0x6612a71f0d
1632598809.59763,0x4c174db00d
1632598810.02763,0x4c1753b60d
1632598810.46389,0x4c174fb20d
1632598810.48404,0x530000530d
1632598810.53348,0x6612a8200d
1632598810.91018,0x4c1754b70d
1632598811.3391,0x4c1755b80d
1632598811.7759,0x4c1757ba0d
1632598811.79549,0x530000530d
1632598811.84501,0x6612a9210d
1632598812.22141,0x4c1762c50d
1632598812.65069,0x4c1763c60d
1632598813.08728,0x4c1769cc0d
1632598813.10676,0x530000530d
1632598813.15671,0x6612aa220d
1632598813.53306,0x4c176acd0d
1632598813.96283,0x4c1767ca0d
1632598814.39955,0x4c1761c40d
1632598814.41957,0x530000530d
1632598814.46847,0x6612ac240d
1632598814.84514,0x4c176fd20d
1632598815.27383,0x4c1776d90d
1632598815.71061,0x4c1767ca0d
1632598815.73072,0x530000530d
1632598815.77981,0x6612ad250d
1632598816.15707,0x4c1763c60d
1632598816.58606,0x4c176ccf0d
1632598817.02391,0x4c177fe20d
1632598817.04299,0x530000530d
1632598817.09293,0x6612ae260d
1632598817.46939,0x4c177fe20d
1632598817.89863,0x4c177add0d
1632598818.33556,0x4c1776d90d
1632598818.35551,0x530000530d
1632598818.40433,0x6612af270d
1632598818.78074,0x4c1781e40d
1632598819.21052,0x4c1782e50d
1632598819.64728,0x4c1788eb0d
1632598819.66721,0x530000530d
1632598819.71616,0x6612b0280d
1632598820.09291,0x4c1787ea0d
 1632598820.521,0x4c1787ea0d
1632598820.95799,0x4c1796f90d
1632598820.97794,0x530000530d
1632598821.02742,0x6612b0280d
1632598821.40414,0x4c1795f80d
1632598821.83194,0x4c1795f80d
1632598822.26931,0x4c178aed0d
1632598822.28932,0x530000530d
1632598822.33832,0x6612b1290d
1632598822.71558,0x4c178aed0d
1632598823.1447,0x4c1782e50d
1632598823.58119,0x4c1783e60d
1632598823.60129,0x530000530d
1632598823.65131,0x6612b22a0d
1632598824.02767,0x4c177fe20d
1632598824.45669,0x4c1786e90d
1632598824.89377,0x4c177ee10d
1632598824.91355,0x530000530d
1632598824.96296,0x6612b22a0d
1632598825.33875,0x4c1789ec0d
1632598825.76793,0x4c1792f50d
1632598826.20464,0x4c17a80b0d
1632598826.22523,0x530000530d
1632598826.27438,0x6612b32b0d
1632598826.65076,0x4c17af120d
1632598827.07903,0x4c17b81b0d
1632598827.51619,0x4c17c4270d
1632598827.53615,0x530000530d
1632598827.58553,0x6612b42c0d
1632598827.96115,0x4c17d0330d
1632598828.39022,0x4c17dd400d
 1632598828.827,0x4c17dc3f0d
1632598828.84699,0x530000530d
1632598828.89615,0x6612b42c0d
1632598829.27186,0x4c17e0430d
1632598829.70149,0x4c17de410d
1632598830.13766,0x4c17e3460d
1632598830.15806,0x530000530d
1632598830.20759,0x6612b52d0d
1632598830.58344,0x4c17ee510d
1632598831.00577,0x4c17f5580d
1632598831.43687,0x4c1803670d
1632598831.45658,0x530010630d
1632598831.50608,0x6612b52d0d
1632598831.8748,0x4c180b6f0d
1632598832.29594,0x4c1822860d
1632598832.72711,0x4c18298d0d
1632598832.74672,0x530010630d
1632598832.7952,0x6612b62e0d
1632598833.1669,0x4c1832960d
1632598833.59104,0x4c1832960d
1632598834.02331,0x4c18379b0d
1632598834.04301,0x530010630d
1632598834.09235,0x6612b72f0d
1632598834.4642,0x4c18389c0d
1632598834.88764,0x4c18379b0d
1632598835.31727,0x4c1825890d
1632598835.33733,0x530010630d
1632598835.38718,0x6612b8300d
1632598835.76288,0x4c17e5480d
1632598836.18526,0x4c17fd600d
1632598836.61588,0x4c17fe610d
1632598836.63638,0x530010630d
 1632598836.685,0x6612b9310d
1632598837.05433,0x4c183a9e0d
1632598837.47799,0x4c183ea20d
1632598837.91012,0x4c1848ac0d
1632598837.93037,0x530010630d
1632598837.9796,0x6612ba320d
1632598838.35053,0x4c1852b60d
1632598838.77374,0x4c1843a70d
1632598839.20495,0x4c1814780d
1632598839.2243,0x530010630d
1632598839.27407,0x6612bb330d
1632598839.64345,0x4c1803670d
1632598840.06563,0x4c17f2550d
1632598840.49813,0x4c18066a0d
1632598840.5178,0x530010630d
1632598840.56635,0x6612bb330d
1632598840.9352,0x4c1812760d
1632598841.3625,0x4c12a5030d
1632598841.79928,0x4c128ae80d
1632598841.81894,0x530000530d
 1632598841.868,0x6612bc340d
1632598842.24367,0x4c128ae80d
1632598842.67064,0x4c128ae80d
1632598843.10758,0x4c128ae80d
1632598843.12741,0x530000530d
1632598843.17593,0x6612bc340d
1632598843.55145,0x4c1289e70d
1632598843.9787,0x4c1289e70d
1632598844.41543,0x4c1288e60d
1632598844.43469,0x530000530d
1632598844.48391,0x6612bd350d
1632598844.86005,0x4c1288e60d
1632598845.28642,0x4c128ae80d
1632598845.72299,0x4c1288e60d
1632598845.74367,0x530000530d
1632598845.7917,0x6612bd350d
1632598846.16666,0x4c1289e70d
1632598846.59412,0x4c128ae80d
1632598847.0306,0x4c1289e70d
1632598847.05058,0x530000530d
1632598847.09995,0x6612bd350d
1632598847.47499,0x4c128ae80d
1632598847.90305,0x4c128ae80d
1632598848.33821,0x4c1289e70d
1632598848.3584,0x530000530d
1632598848.40828,0x6612bd350d
1632598848.78283,0x4c1289e70d
1632598849.21063,0x4c1289e70d
 1632598849.647,0x4c1288e60d
1632598849.66644,0x530000530d
1632598849.71608,0x6612bd350d
1632598850.09132,0x4c1288e60d
1632598850.51819,0x4c1289e70d
1632598850.95531,0x4c1288e60d
1632598850.97546,0x530000530d
1632598851.02423,0x6612bd350d
1632598851.4029,0x4c1376d50d
1632598851.83068,0x4c16ac0e0d
1632598852.26718,0x4c16cb2d0d
1632598852.28675,0x530000530d
1632598852.33648,0x6612be360d
1632598852.71207,0x4c16a1030d
1632598853.14049,0x4c15d93a0d
1632598853.57996,0x4c15a0010d
1632598853.6002,0x530000530d
1632598853.64901,0x6612be360d
1632598854.02549,0x4c1581e20d
1632598854.45522,0x4c159f000d
1632598854.89396,0x4c15b3140d
1632598854.91406,0x530000530d
1632598854.96312,0x6612be360d
1632598855.33923,0x4c15bb1c0d
1632598855.7689,0x4c15b8190d
1632598856.20772,0x4c15ad0e0d
1632598856.22683,0x530000530d
1632598856.27687,0x6612bf370d
1632598856.65392,0x4c15a3040d
1632598857.08272,0x4c159f000d
 1632598857.522,0x4c1597f80d
1632598857.54154,0x530000530d
1632598857.5913,0x6612bf370d
1632598857.96836,0x4c1597f80d
1632598858.39805,0x4c1592f30d
1632598858.83645,0x4c158ced0d
1632598858.85646,0x530000530d
1632598858.90573,0x6612bf370d
1632598859.28288,0x4c1588e90d
1632598859.71257,0x4c1584e50d
1632598860.15144,0x4c157edf0d
1632598860.17139,0x530000530d
1632598860.21971,0x6612c0380d
1632598860.59782,0x4c1578d90d
1632598861.02719,0x4c156fd00d
1632598861.46593,0x4c156bcc0d
1632598861.48589,0x530000530d
1632598861.53489,0x6612c0380d
1632598861.9127,0x4c1569ca0d
1632598862.34163,0x4c1569ca0d
1632598862.78044,0x4c156acb0d
1632598862.80081,0x530000530d
1632598862.8505,0x6612c0380d
1632598863.22652,0x4c1564c50d
1632598863.65752,0x4c1560c10d
1632598864.09565,0x4c155ebf0d
1632598864.11535,0x530000530d
1632598864.16569,0x6612c1390d
1632598864.5432,0x4c1558b90d
1632598864.97245,0x4c1550b10d
1632598865.40931,0x4c1547a80d
1632598865.42944,0x530000530d
1632598865.47876,0x6612c1390d
1632598865.85341,0x4c153d9e0d
1632598866.28072,0x4c153b9c0d
1632598866.71755,0x4c1525860d
1632598866.73749,0x530000530d
1632598866.78651,0x6612c1390d
1632598867.16345,0x4c155bbc0d
1632598867.59381,0x4c15af100d
1632598868.03034,0x4c1499f90d
1632598868.05092,0x530000530d
1632598868.09956,0x6612c1390d
1632598868.47729,0x4c1480e00d
1632598868.90559,0x4c12d7350d
1632598869.34076,0x4c12ae0c0d
1632598869.36126,0x530000530d
1632598869.41071,0x6612c23a0d
1632598869.78484,0x4c1286e40d
1632598870.21295,0x4c1287e50d
